[[92mexternal-service-interaction[0m] [[94mhttp[0m] [[34minfo[0m] https://doj.io
[[92mmissing-sri[0m] [[94mhttp[0m] [[34minfo[0m] https://www.classdojo.com/ [[96m"https://cdn.cookielaw.org/consent/488d15e8-5436-4ecc-b202-0d14fac3afe8/OtAutoBlock.js"[0m,[96m"https://cdn.cookielaw.org/scripttemplates/otSDKStub.js"[0m,[96m"https://static.classdojo.com/fonts/DojoText/DojoText.css"[0m]
[[92mtls-version[0m] [[94mssl[0m] [[34minfo[0m] doj.io:443 [[96m"tls12"[0m]
[[92mtls-version[0m] [[94mssl[0m] [[34minfo[0m] doj.io:443 [[96m"tls13"[0m]
[[92msecurity-txt[0m] [[94mhttp[0m] [[34minfo[0m] https://www.classdojo.com/.well-known/security.txt [[96m"mailto:security@classdojo.com"[0m]
[[92mnameserver-fingerprint[0m] [[94mdns[0m] [[34minfo[0m] doj.io [[96m"ns-1207.awsdns-22.org."[0m,[96m"ns-2041.awsdns-63.co.uk."[0m,[96m"ns-58.awsdns-07.com."[0m,[96m"ns-855.awsdns-42.net."[0m]
[[92mcaa-fingerprint[0m] [[94mdns[0m] [[34minfo[0m] doj.io
[[92mspf-record-detect[0m] [[94mdns[0m] [[34minfo[0m] doj.io [[96m"v=spf1 -all""[0m]
[[92mtxt-fingerprint[0m] [[94mdns[0m] [[34minfo[0m] doj.io [[96m""v=spf1 -all""[0m,[96m""google-site-verification=_SL14YurwcaamljkMuibHu3aVOCHsfFAJRua2RzvjD8""[0m,[96m""Validation for Digicert Order #00921724; liam@classdojo.com""[0m]
[[92mdmarc-detect[0m] [[94mdns[0m] [[34minfo[0m] _dmarc.doj.io [[96m""v=DMARC1; p=reject; rua=mailto:8i4cvyng@ag.dmarcian.com;""[0m]
[[92mssl-issuer[0m] [[94mssl[0m] [[34minfo[0m] doj.io:443 [[96m"Amazon"[0m]
[[92mssl-dns-names[0m] [[94mssl[0m] [[34minfo[0m] doj.io:443 [[96m"*.classdojo-ops.com"[0m,[96m"*.multiplayer.classdojo.com"[0m,[96m"us-east-1-prod.eks.classdojo-ops.com"[0m,[96m"*.logs.classdojo.com"[0m,[96m"us-east-1-prod.classdojo-ops.com"[0m,[96m"*.classdojo.com"[0m,[96m"*.metrics.classdojo.com"[0m,[96m"*.us-east-1-prod.eks.classdojo-ops.com"[0m,[96m"doj.io"[0m]
[[92mwildcard-tls[0m] [[94mssl[0m] [[34minfo[0m] doj.io:443 [[96m"CN: *.classdojo.com"[0m,[96m"SAN: [*.classdojo.com *.metrics.classdojo.com us-east-1-prod.eks.classdojo-ops.com *.us-east-1-prod.eks.classdojo-ops.com doj.io *.logs.classdojo.com *.classdojo-ops.com us-east-1-prod.classdojo-ops.com *.multiplayer.classdojo.com]"[0m]

[SQLI - TIMEOUT] https://doj.io/s/?s=66dba28940836c7ff9c66789

[SQLI - TIMEOUT] https://doj.io/s/?t=2PcZgEN8jYrY3TiFCoptCnieoVydniKEvzgRNgATCBCqE4XxSKD7nPZ4iaLbi9zurb

[WFUZZ] https://doj.io/s/?s=66dba28940836c7ff9c66789
 /usr/local/lib/python3.11/site-packages/wfuzz/wfuzz.py:77: UserWarning:Fatal exception: Error opening file. [Errno 2] No such file or directory: '/usr/share/wordlists/dirb/common.txt'
default
default


[WFUZZ] https://doj.io/s/?t=2PcZgEN8jYrY3TiFCoptCnieoVydniKEvzgRNgATCBCqE4XxSKD7nPZ4iaLbi9zurb
 /usr/local/lib/python3.11/site-packages/wfuzz/wfuzz.py:77: UserWarning:Fatal exception: Error opening file. [Errno 2] No such file or directory: '/usr/share/wordlists/dirb/common.txt'
default
default


[XSS] https://doj.io/s/?s=66dba28940836c7ff9c66789
[91m
	XSStrike [97mv3.1.5
[0m
[97m[~][0m Crawling the target [0m
[97m[~][0m Parsing s/?s=66dba28940836c7ff9c66789            [0m[92m[+][0m Potentially vulnerable objects found at https://doj.io/s/ [0m
[91m------------------------------------------------------------[0m
4   const url = (window && [91m[91mwindow.location[0m[0m) ? window.[93mlocation.search[0m : null;
[91m------------------------------------------------------------[0m
[93m[!][0m Progress: 2/2 [0m


[XSS] https://doj.io/s/?t=2PcZgEN8jYrY3TiFCoptCnieoVydniKEvzgRNgATCBCqE4XxSKD7nPZ4iaLbi9zurb
[91m
	XSStrike [97mv3.1.5
[0m
[97m[~][0m Crawling the target [0m
[97m[~][0m Parsing ydniKEvzgRNgATCBCqE4XxSKD7nPZ4iaLbi9zurb [0m[92m[+][0m Potentially vulnerable objects found at https://doj.io/s/ [0m
[91m------------------------------------------------------------[0m
4   const url = (window && [91m[91mwindow.location[0m[0m) ? window.[93mlocation.search[0m : null;
[91m------------------------------------------------------------[0m
[93m[!][0m Progress: 2/2 [0m

